08:01:14 **** Build of configuration Debug for project Solar_Tracking_Project ****
make all 
Building file: ../HLCD_program.c
Invoking: AVR Compiler
avr-gcc -Wall -g2 -gstabs -O0 -fpack-struct -fshort-enums -ffunction-sections -fdata-sections -std=gnu99 -funsigned-char -funsigned-bitfields -mmcu=atmega32 -DF_CPU=8000000UL -MMD -MP -MF"HLCD_program.d" -MT"HLCD_program.o" -c -o "HLCD_program.o" "../HLCD_program.c"
In file included from ../HLCD_program.c:11:
c:/winavr-20100110/lib/gcc/../../avr/include/util/delay.h:90:3: warning: #warning "Compiler optimizations disabled; functions from <util/delay.h> won't work as designed"
Finished building: ../HLCD_program.c
 
Building file: ../MADC_program.c
Invoking: AVR Compiler
avr-gcc -Wall -g2 -gstabs -O0 -fpack-struct -fshort-enums -ffunction-sections -fdata-sections -std=gnu99 -funsigned-char -funsigned-bitfields -mmcu=atmega32 -DF_CPU=8000000UL -MMD -MP -MF"MADC_program.d" -MT"MADC_program.o" -c -o "MADC_program.o" "../MADC_program.c"
../MADC_program.c: In function 'MADC_u16GetValue':
../MADC_program.c:39: warning: suggest parentheses around comparison in operand of &
Finished building: ../MADC_program.c
 
Building file: ../MDIO_program.c
Invoking: AVR Compiler
avr-gcc -Wall -g2 -gstabs -O0 -fpack-struct -fshort-enums -ffunction-sections -fdata-sections -std=gnu99 -funsigned-char -funsigned-bitfields -mmcu=atmega32 -DF_CPU=8000000UL -MMD -MP -MF"MDIO_program.d" -MT"MDIO_program.o" -c -o "MDIO_program.o" "../MDIO_program.c"
Finished building: ../MDIO_program.c
 
Building file: ../MGIE_program.c
Invoking: AVR Compiler
avr-gcc -Wall -g2 -gstabs -O0 -fpack-struct -fshort-enums -ffunction-sections -fdata-sections -std=gnu99 -funsigned-char -funsigned-bitfields -mmcu=atmega32 -DF_CPU=8000000UL -MMD -MP -MF"MGIE_program.d" -MT"MGIE_program.o" -c -o "MGIE_program.o" "../MGIE_program.c"
Finished building: ../MGIE_program.c
 
Building file: ../MTIMER_program.c
Invoking: AVR Compiler
avr-gcc -Wall -g2 -gstabs -O0 -fpack-struct -fshort-enums -ffunction-sections -fdata-sections -std=gnu99 -funsigned-char -funsigned-bitfields -mmcu=atmega32 -DF_CPU=8000000UL -MMD -MP -MF"MTIMER_program.d" -MT"MTIMER_program.o" -c -o "MTIMER_program.o" "../MTIMER_program.c"
Finished building: ../MTIMER_program.c
 
Building file: ../main.c
Invoking: AVR Compiler
avr-gcc -Wall -g2 -gstabs -O0 -fpack-struct -fshort-enums -ffunction-sections -fdata-sections -std=gnu99 -funsigned-char -funsigned-bitfields -mmcu=atmega32 -DF_CPU=8000000UL -MMD -MP -MF"main.d" -MT"main.o" -c -o "main.o" "../main.c"
In file included from ../main.c:11:
c:/winavr-20100110/lib/gcc/../../avr/include/util/delay.h:90:3: warning: #warning "Compiler optimizations disabled; functions from <util/delay.h> won't work as designed"
Finished building: ../main.c
 
Building target: Solar_Tracking_Project.elf
Invoking: AVR C Linker
avr-gcc -Wl,-Map,Solar_Tracking_Project.map -mmcu=atmega32 -o "Solar_Tracking_Project.elf"  ./HLCD_program.o ./MADC_program.o ./MDIO_program.o ./MGIE_program.o ./MTIMER_program.o ./main.o   
Finished building target: Solar_Tracking_Project.elf
 
Invoking: AVR Create Extended Listing
avr-objdump -h -S Solar_Tracking_Project.elf  >"Solar_Tracking_Project.lss"
Finished building: Solar_Tracking_Project.lss
 
Invoking: Print Size
avr-size --format=avr --mcu=atmega32 Solar_Tracking_Project.elf
AVR Memory Usage
----------------
Device: atmega32

Program:    8510 bytes (26.0% Full)
(.text + .data + .bootloader)

Data:         12 bytes (0.6% Full)
(.data + .bss + .noinit)


Finished building: sizedummy
 
08:11:25 **** Incremental Build of configuration Debug for project Solar_Tracking_Project ****
make all 
Building file: ../HLCD_program.c
Invoking: AVR Compiler
avr-gcc -Wall -g2 -gstabs -O0 -fpack-struct -fshort-enums -ffunction-sections -fdata-sections -std=gnu99 -funsigned-char -funsigned-bitfields -mmcu=atmega32 -DF_CPU=8000000UL -MMD -MP -MF"HLCD_program.d" -MT"HLCD_program.o" -c -o "HLCD_program.o" "../HLCD_program.c"
In file included from ../HLCD_program.c:11:
c:/winavr-20100110/lib/gcc/../../avr/include/util/delay.h:90:3: warning: #warning "Compiler optimizations disabled; functions from <util/delay.h> won't work as designed"
Finished building: ../HLCD_program.c
 
Building file: ../main.c
Invoking: AVR Compiler
avr-gcc -Wall -g2 -gstabs -O0 -fpack-struct -fshort-enums -ffunction-sections -fdata-sections -std=gnu99 -funsigned-char -funsigned-bitfields -mmcu=atmega32 -DF_CPU=8000000UL -MMD -MP -MF"main.d" -MT"main.o" -c -o "main.o" "../main.c"
In file included from ../main.c:11:
c:/winavr-20100110/lib/gcc/../../avr/include/util/delay.h:90:3: warning: #warning "Compiler optimizations disabled; functions from <util/delay.h> won't work as designed"
Finished building: ../main.c
 
Building target: Solar_Tracking_Project.elf
Invoking: AVR C Linker
avr-gcc -Wl,-Map,Solar_Tracking_Project.map -mmcu=atmega32 -o "Solar_Tracking_Project.elf"  ./HLCD_program.o ./MADC_program.o ./MDIO_program.o ./MGIE_program.o ./MTIMER_program.o ./main.o   
Finished building target: Solar_Tracking_Project.elf
 
Invoking: AVR Create Extended Listing
avr-objdump -h -S Solar_Tracking_Project.elf  >"Solar_Tracking_Project.lss"
Finished building: Solar_Tracking_Project.lss
 
Invoking: Print Size
avr-size --format=avr --mcu=atmega32 Solar_Tracking_Project.elf
AVR Memory Usage
----------------
Device: atmega32

Program:    8458 bytes (25.8% Full)
(.text + .data + .bootloader)

Data:         12 bytes (0.6% Full)
(.data + .bss + .noinit)


Finished building: sizedummy
 
08:14:22 **** Incremental Build of configuration Debug for project Solar_Tracking_Project ****
make all 
Building file: ../main.c
Invoking: AVR Compiler
avr-gcc -Wall -g2 -gstabs -O0 -fpack-struct -fshort-enums -ffunction-sections -fdata-sections -std=gnu99 -funsigned-char -funsigned-bitfields -mmcu=atmega32 -DF_CPU=8000000UL -MMD -MP -MF"main.d" -MT"main.o" -c -o "main.o" "../main.c"
In file included from ../main.c:11:
c:/winavr-20100110/lib/gcc/../../avr/include/util/delay.h:90:3: warning: #warning "Compiler optimizations disabled; functions from <util/delay.h> won't work as designed"
Finished building: ../main.c
 
Building target: Solar_Tracking_Project.elf
Invoking: AVR C Linker
avr-gcc -Wl,-Map,Solar_Tracking_Project.map -mmcu=atmega32 -o "Solar_Tracking_Project.elf"  ./HLCD_program.o ./MADC_program.o ./MDIO_program.o ./MGIE_program.o ./MTIMER_program.o ./main.o   
Finished building target: Solar_Tracking_Project.elf
 
Invoking: AVR Create Extended Listing
avr-objdump -h -S Solar_Tracking_Project.elf  >"Solar_Tracking_Project.lss"
Finished building: Solar_Tracking_Project.lss
 
Invoking: Print Size
avr-size --format=avr --mcu=atmega32 Solar_Tracking_Project.elf
AVR Memory Usage
----------------
Device: atmega32

Program:    8476 bytes (25.9% Full)
(.text + .data + .bootloader)

Data:         22 bytes (1.1% Full)
(.data + .bss + .noinit)


Finished building: sizedummy
 
08:37:07 **** Incremental Build of configuration Debug for project Solar_Tracking_Project ****
make all 
Building file: ../app.c
Invoking: AVR Compiler
avr-gcc -Wall -g2 -gstabs -O0 -fpack-struct -fshort-enums -ffunction-sections -fdata-sections -std=gnu99 -funsigned-char -funsigned-bitfields -mmcu=atmega32 -DF_CPU=8000000UL -MMD -MP -MF"app.d" -MT"app.o" -c -o "app.o" "../app.c"
Finished building: ../app.c
 
Building target: Solar_Tracking_Project.elf
Invoking: AVR C Linker
avr-gcc -Wl,-Map,Solar_Tracking_Project.map -mmcu=atmega32 -o "Solar_Tracking_Project.elf"  ./HLCD_program.o ./MADC_program.o ./MDIO_program.o ./MGIE_program.o ./MTIMER_program.o ./app.o   
Finished building target: Solar_Tracking_Project.elf
 
Invoking: AVR Create Extended Listing
avr-objdump -h -S Solar_Tracking_Project.elf  >"Solar_Tracking_Project.lss"
Finished building: Solar_Tracking_Project.lss
 
Invoking: Print Size
avr-size --format=avr --mcu=atmega32 Solar_Tracking_Project.elf
AVR Memory Usage
----------------
Device: atmega32

Program:    8528 bytes (26.0% Full)
(.text + .data + .bootloader)

Data:         22 bytes (1.1% Full)
(.data + .bss + .noinit)


Finished building: sizedummy
 
08:37:43 **** Incremental Build of configuration Debug for project Solar_Tracking_Project ****
make all 
Building file: ../app.c
Invoking: AVR Compiler
avr-gcc -Wall -g2 -gstabs -O0 -fpack-struct -fshort-enums -ffunction-sections -fdata-sections -std=gnu99 -funsigned-char -funsigned-bitfields -mmcu=atmega32 -DF_CPU=8000000UL -MMD -MP -MF"app.d" -MT"app.o" -c -o "app.o" "../app.c"
Finished building: ../app.c
 
Building target: Solar_Tracking_Project.elf
Invoking: AVR C Linker
avr-gcc -Wl,-Map,Solar_Tracking_Project.map -mmcu=atmega32 -o "Solar_Tracking_Project.elf"  ./HLCD_program.o ./MADC_program.o ./MDIO_program.o ./MGIE_program.o ./MTIMER_program.o ./app.o   
Finished building target: Solar_Tracking_Project.elf
 
Invoking: AVR Create Extended Listing
avr-objdump -h -S Solar_Tracking_Project.elf  >"Solar_Tracking_Project.lss"
Finished building: Solar_Tracking_Project.lss
 
Invoking: Print Size
avr-size --format=avr --mcu=atmega32 Solar_Tracking_Project.elf
AVR Memory Usage
----------------
Device: atmega32

Program:    8522 bytes (26.0% Full)
(.text + .data + .bootloader)

Data:         22 bytes (1.1% Full)
(.data + .bss + .noinit)


Finished building: sizedummy
 
08:38:56 **** Incremental Build of configuration Debug for project Solar_Tracking_Project ****
make all 
Building file: ../app.c
Invoking: AVR Compiler
avr-gcc -Wall -g2 -gstabs -O0 -fpack-struct -fshort-enums -ffunction-sections -fdata-sections -std=gnu99 -funsigned-char -funsigned-bitfields -mmcu=atmega32 -DF_CPU=8000000UL -MMD -MP -MF"app.d" -MT"app.o" -c -o "app.o" "../app.c"
Finished building: ../app.c
 
Building target: Solar_Tracking_Project.elf
Invoking: AVR C Linker
avr-gcc -Wl,-Map,Solar_Tracking_Project.map -mmcu=atmega32 -o "Solar_Tracking_Project.elf"  ./HLCD_program.o ./MADC_program.o ./MDIO_program.o ./MGIE_program.o ./MTIMER_program.o ./app.o   
Finished building target: Solar_Tracking_Project.elf
 
Invoking: AVR Create Extended Listing
avr-objdump -h -S Solar_Tracking_Project.elf  >"Solar_Tracking_Project.lss"
Finished building: Solar_Tracking_Project.lss
 
Invoking: Print Size
avr-size --format=avr --mcu=atmega32 Solar_Tracking_Project.elf
AVR Memory Usage
----------------
Device: atmega32

Program:    8528 bytes (26.0% Full)
(.text + .data + .bootloader)

Data:         22 bytes (1.1% Full)
(.data + .bss + .noinit)


Finished building: sizedummy
 
08:39:30 **** Incremental Build of configuration Debug for project Solar_Tracking_Project ****
make all 
Building file: ../app.c
Invoking: AVR Compiler
avr-gcc -Wall -g2 -gstabs -O0 -fpack-struct -fshort-enums -ffunction-sections -fdata-sections -std=gnu99 -funsigned-char -funsigned-bitfields -mmcu=atmega32 -DF_CPU=8000000UL -MMD -MP -MF"app.d" -MT"app.o" -c -o "app.o" "../app.c"
Finished building: ../app.c
 
Building target: Solar_Tracking_Project.elf
Invoking: AVR C Linker
avr-gcc -Wl,-Map,Solar_Tracking_Project.map -mmcu=atmega32 -o "Solar_Tracking_Project.elf"  ./HLCD_program.o ./MADC_program.o ./MDIO_program.o ./MGIE_program.o ./MTIMER_program.o ./app.o   
Finished building target: Solar_Tracking_Project.elf
 
Invoking: AVR Create Extended Listing
avr-objdump -h -S Solar_Tracking_Project.elf  >"Solar_Tracking_Project.lss"
Finished building: Solar_Tracking_Project.lss
 
Invoking: Print Size
avr-size --format=avr --mcu=atmega32 Solar_Tracking_Project.elf
AVR Memory Usage
----------------
Device: atmega32

Program:    8476 bytes (25.9% Full)
(.text + .data + .bootloader)

Data:         22 bytes (1.1% Full)
(.data + .bss + .noinit)


Finished building: sizedummy
 
08:40:08 **** Incremental Build of configuration Debug for project Solar_Tracking_Project ****
make all 
Building file: ../app.c
Invoking: AVR Compiler
avr-gcc -Wall -g2 -gstabs -O0 -fpack-struct -fshort-enums -ffunction-sections -fdata-sections -std=gnu99 -funsigned-char -funsigned-bitfields -mmcu=atmega32 -DF_CPU=8000000UL -MMD -MP -MF"app.d" -MT"app.o" -c -o "app.o" "../app.c"
Finished building: ../app.c
 
Building target: Solar_Tracking_Project.elf
Invoking: AVR C Linker
avr-gcc -Wl,-Map,Solar_Tracking_Project.map -mmcu=atmega32 -o "Solar_Tracking_Project.elf"  ./HLCD_program.o ./MADC_program.o ./MDIO_program.o ./MGIE_program.o ./MTIMER_program.o ./app.o   
Finished building target: Solar_Tracking_Project.elf
 
Invoking: AVR Create Extended Listing
avr-objdump -h -S Solar_Tracking_Project.elf  >"Solar_Tracking_Project.lss"
Finished building: Solar_Tracking_Project.lss
 
Invoking: Print Size
avr-size --format=avr --mcu=atmega32 Solar_Tracking_Project.elf
AVR Memory Usage
----------------
Device: atmega32

Program:    8528 bytes (26.0% Full)
(.text + .data + .bootloader)

Data:         22 bytes (1.1% Full)
(.data + .bss + .noinit)


Finished building: sizedummy
 
08:43:05 **** Incremental Build of configuration Debug for project Solar_Tracking_Project ****
make all 
Building file: ../app.c
Invoking: AVR Compiler
avr-gcc -Wall -g2 -gstabs -O0 -fpack-struct -fshort-enums -ffunction-sections -fdata-sections -std=gnu99 -funsigned-char -funsigned-bitfields -mmcu=atmega32 -DF_CPU=8000000UL -MMD -MP -MF"app.d" -MT"app.o" -c -o "app.o" "../app.c"
Finished building: ../app.c
 
Building target: Solar_Tracking_Project.elf
Invoking: AVR C Linker
avr-gcc -Wl,-Map,Solar_Tracking_Project.map -mmcu=atmega32 -o "Solar_Tracking_Project.elf"  ./HLCD_program.o ./MADC_program.o ./MDIO_program.o ./MGIE_program.o ./MTIMER_program.o ./app.o   
Finished building target: Solar_Tracking_Project.elf
 
Invoking: AVR Create Extended Listing
avr-objdump -h -S Solar_Tracking_Project.elf  >"Solar_Tracking_Project.lss"
Finished building: Solar_Tracking_Project.lss
 
Invoking: Print Size
avr-size --format=avr --mcu=atmega32 Solar_Tracking_Project.elf
AVR Memory Usage
----------------
Device: atmega32

Program:    8528 bytes (26.0% Full)
(.text + .data + .bootloader)

Data:         22 bytes (1.1% Full)
(.data + .bss + .noinit)


Finished building: sizedummy
 
08:44:39 **** Incremental Build of configuration Debug for project Solar_Tracking_Project ****
make all 
Building file: ../app.c
Invoking: AVR Compiler
avr-gcc -Wall -g2 -gstabs -O0 -fpack-struct -fshort-enums -ffunction-sections -fdata-sections -std=gnu99 -funsigned-char -funsigned-bitfields -mmcu=atmega32 -DF_CPU=8000000UL -MMD -MP -MF"app.d" -MT"app.o" -c -o "app.o" "../app.c"
Finished building: ../app.c
 
Building target: Solar_Tracking_Project.elf
Invoking: AVR C Linker
avr-gcc -Wl,-Map,Solar_Tracking_Project.map -mmcu=atmega32 -o "Solar_Tracking_Project.elf"  ./HLCD_program.o ./MADC_program.o ./MDIO_program.o ./MGIE_program.o ./MTIMER_program.o ./app.o   
Finished building target: Solar_Tracking_Project.elf
 
Invoking: AVR Create Extended Listing
avr-objdump -h -S Solar_Tracking_Project.elf  >"Solar_Tracking_Project.lss"
Finished building: Solar_Tracking_Project.lss
 
Invoking: Print Size
avr-size --format=avr --mcu=atmega32 Solar_Tracking_Project.elf
AVR Memory Usage
----------------
Device: atmega32

Program:    8528 bytes (26.0% Full)
(.text + .data + .bootloader)

Data:         22 bytes (1.1% Full)
(.data + .bss + .noinit)


Finished building: sizedummy
 
08:57:00 **** Incremental Build of configuration Debug for project Solar_Tracking_Project ****
make all 
Building file: ../app.c
Invoking: AVR Compiler
avr-gcc -Wall -g2 -gstabs -O0 -fpack-struct -fshort-enums -ffunction-sections -fdata-sections -std=gnu99 -funsigned-char -funsigned-bitfields -mmcu=atmega32 -DF_CPU=8000000UL -MMD -MP -MF"app.d" -MT"app.o" -c -o "app.o" "../app.c"
In file included from ../app.c:16:
c:/winavr-20100110/lib/gcc/../../avr/include/util/delay.h:90:3: warning: #warning "Compiler optimizations disabled; functions from <util/delay.h> won't work as designed"
Finished building: ../app.c
 
Building target: Solar_Tracking_Project.elf
Invoking: AVR C Linker
avr-gcc -Wl,-Map,Solar_Tracking_Project.map -mmcu=atmega32 -o "Solar_Tracking_Project.elf"  ./HLCD_program.o ./MADC_program.o ./MDIO_program.o ./MGIE_program.o ./MTIMER_program.o ./app.o   
Finished building target: Solar_Tracking_Project.elf
 
Invoking: AVR Create Extended Listing
avr-objdump -h -S Solar_Tracking_Project.elf  >"Solar_Tracking_Project.lss"
Finished building: Solar_Tracking_Project.lss
 
Invoking: Print Size
avr-size --format=avr --mcu=atmega32 Solar_Tracking_Project.elf
AVR Memory Usage
----------------
Device: atmega32

Program:    8564 bytes (26.1% Full)
(.text + .data + .bootloader)

Data:         22 bytes (1.1% Full)
(.data + .bss + .noinit)


Finished building: sizedummy
 
08:57:08 **** Incremental Build of configuration Debug for project Solar_Tracking_Project ****
make all 
Building file: ../app.c
Invoking: AVR Compiler
avr-gcc -Wall -g2 -gstabs -O0 -fpack-struct -fshort-enums -ffunction-sections -fdata-sections -std=gnu99 -funsigned-char -funsigned-bitfields -mmcu=atmega32 -DF_CPU=8000000UL -MMD -MP -MF"app.d" -MT"app.o" -c -o "app.o" "../app.c"
In file included from ../app.c:16:
c:/winavr-20100110/lib/gcc/../../avr/include/util/delay.h:90:3: warning: #warning "Compiler optimizations disabled; functions from <util/delay.h> won't work as designed"
Finished building: ../app.c
 
Building target: Solar_Tracking_Project.elf
Invoking: AVR C Linker
avr-gcc -Wl,-Map,Solar_Tracking_Project.map -mmcu=atmega32 -o "Solar_Tracking_Project.elf"  ./HLCD_program.o ./MADC_program.o ./MDIO_program.o ./MGIE_program.o ./MTIMER_program.o ./app.o   
Finished building target: Solar_Tracking_Project.elf
 
Invoking: AVR Create Extended Listing
avr-objdump -h -S Solar_Tracking_Project.elf  >"Solar_Tracking_Project.lss"
Finished building: Solar_Tracking_Project.lss
 
Invoking: Print Size
avr-size --format=avr --mcu=atmega32 Solar_Tracking_Project.elf
AVR Memory Usage
----------------
Device: atmega32

Program:    8564 bytes (26.1% Full)
(.text + .data + .bootloader)

Data:         22 bytes (1.1% Full)
(.data + .bss + .noinit)


Finished building: sizedummy
 
08:57:21 **** Incremental Build of configuration Debug for project Solar_Tracking_Project ****
make all 
Building file: ../app.c
Invoking: AVR Compiler
avr-gcc -Wall -g2 -gstabs -O0 -fpack-struct -fshort-enums -ffunction-sections -fdata-sections -std=gnu99 -funsigned-char -funsigned-bitfields -mmcu=atmega32 -DF_CPU=8000000UL -MMD -MP -MF"app.d" -MT"app.o" -c -o "app.o" "../app.c"
In file included from ../app.c:16:
c:/winavr-20100110/lib/gcc/../../avr/include/util/delay.h:90:3: warning: #warning "Compiler optimizations disabled; functions from <util/delay.h> won't work as designed"
Finished building: ../app.c
 
Building target: Solar_Tracking_Project.elf
Invoking: AVR C Linker
avr-gcc -Wl,-Map,Solar_Tracking_Project.map -mmcu=atmega32 -o "Solar_Tracking_Project.elf"  ./HLCD_program.o ./MADC_program.o ./MDIO_program.o ./MGIE_program.o ./MTIMER_program.o ./app.o   
Finished building target: Solar_Tracking_Project.elf
 
Invoking: AVR Create Extended Listing
avr-objdump -h -S Solar_Tracking_Project.elf  >"Solar_Tracking_Project.lss"
Finished building: Solar_Tracking_Project.lss
 
Invoking: Print Size
avr-size --format=avr --mcu=atmega32 Solar_Tracking_Project.elf
AVR Memory Usage
----------------
Device: atmega32

Program:    8532 bytes (26.0% Full)
(.text + .data + .bootloader)

Data:         22 bytes (1.1% Full)
(.data + .bss + .noinit)


Finished building: sizedummy
 
09:10:29 **** Incremental Build of configuration Debug for project Solar_Tracking_Project ****
make all 
Building file: ../app.c
Invoking: AVR Compiler
avr-gcc -Wall -g2 -gstabs -O0 -fpack-struct -fshort-enums -ffunction-sections -fdata-sections -std=gnu99 -funsigned-char -funsigned-bitfields -mmcu=atmega32 -DF_CPU=8000000UL -MMD -MP -MF"app.d" -MT"app.o" -c -o "app.o" "../app.c"
In file included from ../app.c:16:
c:/winavr-20100110/lib/gcc/../../avr/include/util/delay.h:90:3: warning: #warning "Compiler optimizations disabled; functions from <util/delay.h> won't work as designed"
Finished building: ../app.c
 
Building target: Solar_Tracking_Project.elf
Invoking: AVR C Linker
avr-gcc -Wl,-Map,Solar_Tracking_Project.map -mmcu=atmega32 -o "Solar_Tracking_Project.elf"  ./HLCD_program.o ./MADC_program.o ./MDIO_program.o ./MGIE_program.o ./MTIMER_program.o ./app.o   
Finished building target: Solar_Tracking_Project.elf
 
Invoking: AVR Create Extended Listing
avr-objdump -h -S Solar_Tracking_Project.elf  >"Solar_Tracking_Project.lss"
Finished building: Solar_Tracking_Project.lss
 
Invoking: Print Size
avr-size --format=avr --mcu=atmega32 Solar_Tracking_Project.elf
AVR Memory Usage
----------------
Device: atmega32

Program:    8778 bytes (26.8% Full)
(.text + .data + .bootloader)

Data:         26 bytes (1.3% Full)
(.data + .bss + .noinit)


Finished building: sizedummy
 
09:12:23 **** Incremental Build of configuration Debug for project Solar_Tracking_Project ****
make all 
Building file: ../app.c
Invoking: AVR Compiler
avr-gcc -Wall -g2 -gstabs -O0 -fpack-struct -fshort-enums -ffunction-sections -fdata-sections -std=gnu99 -funsigned-char -funsigned-bitfields -mmcu=atmega32 -DF_CPU=8000000UL -MMD -MP -MF"app.d" -MT"app.o" -c -o "app.o" "../app.c"
In file included from ../app.c:16:
c:/winavr-20100110/lib/gcc/../../avr/include/util/delay.h:90:3: warning: #warning "Compiler optimizations disabled; functions from <util/delay.h> won't work as designed"
Finished building: ../app.c
 
Building target: Solar_Tracking_Project.elf
Invoking: AVR C Linker
avr-gcc -Wl,-Map,Solar_Tracking_Project.map -mmcu=atmega32 -o "Solar_Tracking_Project.elf"  ./HLCD_program.o ./MADC_program.o ./MDIO_program.o ./MGIE_program.o ./MTIMER_program.o ./app.o   
Finished building target: Solar_Tracking_Project.elf
 
Invoking: AVR Create Extended Listing
avr-objdump -h -S Solar_Tracking_Project.elf  >"Solar_Tracking_Project.lss"
Finished building: Solar_Tracking_Project.lss
 
Invoking: Print Size
avr-size --format=avr --mcu=atmega32 Solar_Tracking_Project.elf
AVR Memory Usage
----------------
Device: atmega32

Program:    8766 bytes (26.8% Full)
(.text + .data + .bootloader)

Data:         22 bytes (1.1% Full)
(.data + .bss + .noinit)


Finished building: sizedummy
 
09:14:28 **** Incremental Build of configuration Debug for project Solar_Tracking_Project ****
make all 
Building file: ../app.c
Invoking: AVR Compiler
avr-gcc -Wall -g2 -gstabs -O0 -fpack-struct -fshort-enums -ffunction-sections -fdata-sections -std=gnu99 -funsigned-char -funsigned-bitfields -mmcu=atmega32 -DF_CPU=8000000UL -MMD -MP -MF"app.d" -MT"app.o" -c -o "app.o" "../app.c"
In file included from ../app.c:16:
c:/winavr-20100110/lib/gcc/../../avr/include/util/delay.h:90:3: warning: #warning "Compiler optimizations disabled; functions from <util/delay.h> won't work as designed"
Finished building: ../app.c
 
Building target: Solar_Tracking_Project.elf
Invoking: AVR C Linker
avr-gcc -Wl,-Map,Solar_Tracking_Project.map -mmcu=atmega32 -o "Solar_Tracking_Project.elf"  ./HLCD_program.o ./MADC_program.o ./MDIO_program.o ./MGIE_program.o ./MTIMER_program.o ./app.o   
Finished building target: Solar_Tracking_Project.elf
 
Invoking: AVR Create Extended Listing
avr-objdump -h -S Solar_Tracking_Project.elf  >"Solar_Tracking_Project.lss"
Finished building: Solar_Tracking_Project.lss
 
Invoking: Print Size
avr-size --format=avr --mcu=atmega32 Solar_Tracking_Project.elf
AVR Memory Usage
----------------
Device: atmega32

Program:    8544 bytes (26.1% Full)
(.text + .data + .bootloader)

Data:         26 bytes (1.3% Full)
(.data + .bss + .noinit)


Finished building: sizedummy
 
09:15:09 **** Incremental Build of configuration Debug for project Solar_Tracking_Project ****
make all 
Building file: ../app.c
Invoking: AVR Compiler
avr-gcc -Wall -g2 -gstabs -O0 -fpack-struct -fshort-enums -ffunction-sections -fdata-sections -std=gnu99 -funsigned-char -funsigned-bitfields -mmcu=atmega32 -DF_CPU=8000000UL -MMD -MP -MF"app.d" -MT"app.o" -c -o "app.o" "../app.c"
In file included from ../app.c:16:
c:/winavr-20100110/lib/gcc/../../avr/include/util/delay.h:90:3: warning: #warning "Compiler optimizations disabled; functions from <util/delay.h> won't work as designed"
Finished building: ../app.c
 
Building target: Solar_Tracking_Project.elf
Invoking: AVR C Linker
avr-gcc -Wl,-Map,Solar_Tracking_Project.map -mmcu=atmega32 -o "Solar_Tracking_Project.elf"  ./HLCD_program.o ./MADC_program.o ./MDIO_program.o ./MGIE_program.o ./MTIMER_program.o ./app.o   
Finished building target: Solar_Tracking_Project.elf
 
Invoking: AVR Create Extended Listing
avr-objdump -h -S Solar_Tracking_Project.elf  >"Solar_Tracking_Project.lss"
Finished building: Solar_Tracking_Project.lss
 
Invoking: Print Size
avr-size --format=avr --mcu=atmega32 Solar_Tracking_Project.elf
AVR Memory Usage
----------------
Device: atmega32

Program:    8532 bytes (26.0% Full)
(.text + .data + .bootloader)

Data:         22 bytes (1.1% Full)
(.data + .bss + .noinit)


Finished building: sizedummy
 
09:16:15 **** Incremental Build of configuration Debug for project Solar_Tracking_Project ****
make all 
Building file: ../app.c
Invoking: AVR Compiler
avr-gcc -Wall -g2 -gstabs -O0 -fpack-struct -fshort-enums -ffunction-sections -fdata-sections -std=gnu99 -funsigned-char -funsigned-bitfields -mmcu=atmega32 -DF_CPU=8000000UL -MMD -MP -MF"app.d" -MT"app.o" -c -o "app.o" "../app.c"
In file included from ../app.c:16:
c:/winavr-20100110/lib/gcc/../../avr/include/util/delay.h:90:3: warning: #warning "Compiler optimizations disabled; functions from <util/delay.h> won't work as designed"
Finished building: ../app.c
 
Building target: Solar_Tracking_Project.elf
Invoking: AVR C Linker
avr-gcc -Wl,-Map,Solar_Tracking_Project.map -mmcu=atmega32 -o "Solar_Tracking_Project.elf"  ./HLCD_program.o ./MADC_program.o ./MDIO_program.o ./MGIE_program.o ./MTIMER_program.o ./app.o   
Finished building target: Solar_Tracking_Project.elf
 
Invoking: AVR Create Extended Listing
avr-objdump -h -S Solar_Tracking_Project.elf  >"Solar_Tracking_Project.lss"
Finished building: Solar_Tracking_Project.lss
 
Invoking: Print Size
avr-size --format=avr --mcu=atmega32 Solar_Tracking_Project.elf
AVR Memory Usage
----------------
Device: atmega32

Program:    8532 bytes (26.0% Full)
(.text + .data + .bootloader)

Data:         22 bytes (1.1% Full)
(.data + .bss + .noinit)


Finished building: sizedummy
 
09:16:41 **** Incremental Build of configuration Debug for project Solar_Tracking_Project ****
make all 
Building file: ../app.c
Invoking: AVR Compiler
avr-gcc -Wall -g2 -gstabs -O0 -fpack-struct -fshort-enums -ffunction-sections -fdata-sections -std=gnu99 -funsigned-char -funsigned-bitfields -mmcu=atmega32 -DF_CPU=8000000UL -MMD -MP -MF"app.d" -MT"app.o" -c -o "app.o" "../app.c"
In file included from ../app.c:16:
c:/winavr-20100110/lib/gcc/../../avr/include/util/delay.h:90:3: warning: #warning "Compiler optimizations disabled; functions from <util/delay.h> won't work as designed"
Finished building: ../app.c
 
Building target: Solar_Tracking_Project.elf
Invoking: AVR C Linker
avr-gcc -Wl,-Map,Solar_Tracking_Project.map -mmcu=atmega32 -o "Solar_Tracking_Project.elf"  ./HLCD_program.o ./MADC_program.o ./MDIO_program.o ./MGIE_program.o ./MTIMER_program.o ./app.o   
Finished building target: Solar_Tracking_Project.elf
 
Invoking: AVR Create Extended Listing
avr-objdump -h -S Solar_Tracking_Project.elf  >"Solar_Tracking_Project.lss"
Finished building: Solar_Tracking_Project.lss
 
Invoking: Print Size
avr-size --format=avr --mcu=atmega32 Solar_Tracking_Project.elf
AVR Memory Usage
----------------
Device: atmega32

Program:    8544 bytes (26.1% Full)
(.text + .data + .bootloader)

Data:         26 bytes (1.3% Full)
(.data + .bss + .noinit)


Finished building: sizedummy
 
09:18:01 **** Incremental Build of configuration Debug for project Solar_Tracking_Project ****
make all 
Building file: ../app.c
Invoking: AVR Compiler
avr-gcc -Wall -g2 -gstabs -O0 -fpack-struct -fshort-enums -ffunction-sections -fdata-sections -std=gnu99 -funsigned-char -funsigned-bitfields -mmcu=atmega32 -DF_CPU=8000000UL -MMD -MP -MF"app.d" -MT"app.o" -c -o "app.o" "../app.c"
In file included from ../app.c:16:
c:/winavr-20100110/lib/gcc/../../avr/include/util/delay.h:90:3: warning: #warning "Compiler optimizations disabled; functions from <util/delay.h> won't work as designed"
Finished building: ../app.c
 
Building target: Solar_Tracking_Project.elf
Invoking: AVR C Linker
avr-gcc -Wl,-Map,Solar_Tracking_Project.map -mmcu=atmega32 -o "Solar_Tracking_Project.elf"  ./HLCD_program.o ./MADC_program.o ./MDIO_program.o ./MGIE_program.o ./MTIMER_program.o ./app.o   
Finished building target: Solar_Tracking_Project.elf
 
Invoking: AVR Create Extended Listing
avr-objdump -h -S Solar_Tracking_Project.elf  >"Solar_Tracking_Project.lss"
Finished building: Solar_Tracking_Project.lss
 
Invoking: Print Size
avr-size --format=avr --mcu=atmega32 Solar_Tracking_Project.elf
AVR Memory Usage
----------------
Device: atmega32

Program:    8544 bytes (26.1% Full)
(.text + .data + .bootloader)

Data:         26 bytes (1.3% Full)
(.data + .bss + .noinit)


Finished building: sizedummy
 
10:46:16 **** Incremental Build of configuration Debug for project Solar_Tracking_Project ****
make all 
Invoking: Print Size
avr-size --format=avr --mcu=atmega32 Solar_Tracking_Project.elf
AVR Memory Usage
----------------
Device: atmega32

Program:    8544 bytes (26.1% Full)
(.text + .data + .bootloader)

Data:         26 bytes (1.3% Full)
(.data + .bss + .noinit)


Finished building: sizedummy
 
10:48:18 **** Incremental Build of configuration Debug for project Solar_Tracking_Project ****
make all 
Building file: ../HLCD_program.c
Invoking: AVR Compiler
avr-gcc -Wall -g2 -gstabs -O0 -fpack-struct -fshort-enums -ffunction-sections -fdata-sections -std=gnu99 -funsigned-char -funsigned-bitfields -mmcu=atmega32 -DF_CPU=8000000UL -MMD -MP -MF"HLCD_program.d" -MT"HLCD_program.o" -c -o "HLCD_program.o" "../HLCD_program.c"
../HLCD_program.c: In function 'HLCD_voidSendCommand':
../HLCD_program.c:28: warning: implicit declaration of function '_delay_ms'
Finished building: ../HLCD_program.c
 
Building file: ../MADC_program.c
Invoking: AVR Compiler
avr-gcc -Wall -g2 -gstabs -O0 -fpack-struct -fshort-enums -ffunction-sections -fdata-sections -std=gnu99 -funsigned-char -funsigned-bitfields -mmcu=atmega32 -DF_CPU=8000000UL -MMD -MP -MF"MADC_program.d" -MT"MADC_program.o" -c -o "MADC_program.o" "../MADC_program.c"
../MADC_program.c: In function 'MADC_u16GetValue':
../MADC_program.c:39: warning: suggest parentheses around comparison in operand of &
Finished building: ../MADC_program.c
 
Building file: ../MDIO_program.c
Invoking: AVR Compiler
avr-gcc -Wall -g2 -gstabs -O0 -fpack-struct -fshort-enums -ffunction-sections -fdata-sections -std=gnu99 -funsigned-char -funsigned-bitfields -mmcu=atmega32 -DF_CPU=8000000UL -MMD -MP -MF"MDIO_program.d" -MT"MDIO_program.o" -c -o "MDIO_program.o" "../MDIO_program.c"
Finished building: ../MDIO_program.c
 
Building file: ../MGIE_program.c
Invoking: AVR Compiler
avr-gcc -Wall -g2 -gstabs -O0 -fpack-struct -fshort-enums -ffunction-sections -fdata-sections -std=gnu99 -funsigned-char -funsigned-bitfields -mmcu=atmega32 -DF_CPU=8000000UL -MMD -MP -MF"MGIE_program.d" -MT"MGIE_program.o" -c -o "MGIE_program.o" "../MGIE_program.c"
Finished building: ../MGIE_program.c
 
Building file: ../MTIMER_program.c
Invoking: AVR Compiler
avr-gcc -Wall -g2 -gstabs -O0 -fpack-struct -fshort-enums -ffunction-sections -fdata-sections -std=gnu99 -funsigned-char -funsigned-bitfields -mmcu=atmega32 -DF_CPU=8000000UL -MMD -MP -MF"MTIMER_program.d" -MT"MTIMER_program.o" -c -o "MTIMER_program.o" "../MTIMER_program.c"
Finished building: ../MTIMER_program.c
 
Building file: ../app.c
Invoking: AVR Compiler
avr-gcc -Wall -g2 -gstabs -O0 -fpack-struct -fshort-enums -ffunction-sections -fdata-sections -std=gnu99 -funsigned-char -funsigned-bitfields -mmcu=atmega32 -DF_CPU=8000000UL -MMD -MP -MF"app.d" -MT"app.o" -c -o "app.o" "../app.c"
In file included from ../app.c:15:
c:/winavr-20100110/lib/gcc/../../avr/include/util/delay.h:90:3: warning: #warning "Compiler optimizations disabled; functions from <util/delay.h> won't work as designed"
Finished building: ../app.c
 
Building target: Solar_Tracking_Project.elf
Invoking: AVR C Linker
avr-gcc -Wl,-Map,Solar_Tracking_Project.map -mmcu=atmega32 -o "Solar_Tracking_Project.elf"  ./HLCD_program.o ./MADC_program.o ./MDIO_program.o ./MGIE_program.o ./MTIMER_program.o ./app.o   
./HLCD_program.o: In function `HLCD_voidSendCommand':
../HLCD_program.c:28: undefined reference to `_delay_ms'
../HLCD_program.c:28: undefined reference to `_delay_ms'
../HLCD_program.c:21: undefined reference to `_delay_ms'
make: *** [Solar_Tracking_Project.elf] Error 1
10:48:48 **** Incremental Build of configuration Debug for project Solar_Tracking_Project ****
make all 
Building file: ../HLCD_program.c
Invoking: AVR Compiler
avr-gcc -Wall -g2 -gstabs -O0 -fpack-struct -fshort-enums -ffunction-sections -fdata-sections -std=gnu99 -funsigned-char -funsigned-bitfields -mmcu=atmega32 -DF_CPU=8000000UL -MMD -MP -MF"HLCD_program.d" -MT"HLCD_program.o" -c -o "HLCD_program.o" "../HLCD_program.c"
In file included from ../HLCD_program.c:14:
c:/winavr-20100110/lib/gcc/../../avr/include/util/delay.h:90:3: warning: #warning "Compiler optimizations disabled; functions from <util/delay.h> won't work as designed"
Finished building: ../HLCD_program.c
 
Building target: Solar_Tracking_Project.elf
Invoking: AVR C Linker
avr-gcc -Wl,-Map,Solar_Tracking_Project.map -mmcu=atmega32 -o "Solar_Tracking_Project.elf"  ./HLCD_program.o ./MADC_program.o ./MDIO_program.o ./MGIE_program.o ./MTIMER_program.o ./app.o   
Finished building target: Solar_Tracking_Project.elf
 
Invoking: AVR Create Extended Listing
avr-objdump -h -S Solar_Tracking_Project.elf  >"Solar_Tracking_Project.lss"
Finished building: Solar_Tracking_Project.lss
 
Invoking: Print Size
avr-size --format=avr --mcu=atmega32 Solar_Tracking_Project.elf
AVR Memory Usage
----------------
Device: atmega32

Program:    8544 bytes (26.1% Full)
(.text + .data + .bootloader)

Data:         26 bytes (1.3% Full)
(.data + .bss + .noinit)


Finished building: sizedummy
 
11:02:10 **** Incremental Build of configuration Debug for project Solar_Tracking_Project ****
make all 
Building file: ../HLCD_program.c
Invoking: AVR Compiler
avr-gcc -Wall -g2 -gstabs -O0 -fpack-struct -fshort-enums -ffunction-sections -fdata-sections -std=gnu99 -funsigned-char -funsigned-bitfields -mmcu=atmega32 -DF_CPU=8000000UL -MMD -MP -MF"HLCD_program.d" -MT"HLCD_program.o" -c -o "HLCD_program.o" "../HLCD_program.c"
In file included from ../HLCD_program.c:14:
c:/winavr-20100110/lib/gcc/../../avr/include/util/delay.h:90:3: warning: #warning "Compiler optimizations disabled; functions from <util/delay.h> won't work as designed"
Finished building: ../HLCD_program.c
 
Building file: ../MADC_program.c
Invoking: AVR Compiler
avr-gcc -Wall -g2 -gstabs -O0 -fpack-struct -fshort-enums -ffunction-sections -fdata-sections -std=gnu99 -funsigned-char -funsigned-bitfields -mmcu=atmega32 -DF_CPU=8000000UL -MMD -MP -MF"MADC_program.d" -MT"MADC_program.o" -c -o "MADC_program.o" "../MADC_program.c"
Finished building: ../MADC_program.c
 
Building file: ../MDIO_program.c
Invoking: AVR Compiler
avr-gcc -Wall -g2 -gstabs -O0 -fpack-struct -fshort-enums -ffunction-sections -fdata-sections -std=gnu99 -funsigned-char -funsigned-bitfields -mmcu=atmega32 -DF_CPU=8000000UL -MMD -MP -MF"MDIO_program.d" -MT"MDIO_program.o" -c -o "MDIO_program.o" "../MDIO_program.c"
Finished building: ../MDIO_program.c
 
Building file: ../MGIE_program.c
Invoking: AVR Compiler
avr-gcc -Wall -g2 -gstabs -O0 -fpack-struct -fshort-enums -ffunction-sections -fdata-sections -std=gnu99 -funsigned-char -funsigned-bitfields -mmcu=atmega32 -DF_CPU=8000000UL -MMD -MP -MF"MGIE_program.d" -MT"MGIE_program.o" -c -o "MGIE_program.o" "../MGIE_program.c"
Finished building: ../MGIE_program.c
 
Building file: ../MTIMER_program.c
Invoking: AVR Compiler
avr-gcc -Wall -g2 -gstabs -O0 -fpack-struct -fshort-enums -ffunction-sections -fdata-sections -std=gnu99 -funsigned-char -funsigned-bitfields -mmcu=atmega32 -DF_CPU=8000000UL -MMD -MP -MF"MTIMER_program.d" -MT"MTIMER_program.o" -c -o "MTIMER_program.o" "../MTIMER_program.c"
Finished building: ../MTIMER_program.c
 
Building file: ../app.c
Invoking: AVR Compiler
avr-gcc -Wall -g2 -gstabs -O0 -fpack-struct -fshort-enums -ffunction-sections -fdata-sections -std=gnu99 -funsigned-char -funsigned-bitfields -mmcu=atmega32 -DF_CPU=8000000UL -MMD -MP -MF"app.d" -MT"app.o" -c -o "app.o" "../app.c"
In file included from ../app.c:15:
c:/winavr-20100110/lib/gcc/../../avr/include/util/delay.h:90:3: warning: #warning "Compiler optimizations disabled; functions from <util/delay.h> won't work as designed"
Finished building: ../app.c
 
Building target: Solar_Tracking_Project.elf
Invoking: AVR C Linker
avr-gcc -Wl,-Map,Solar_Tracking_Project.map -mmcu=atmega32 -o "Solar_Tracking_Project.elf"  ./HLCD_program.o ./MADC_program.o ./MDIO_program.o ./MGIE_program.o ./MTIMER_program.o ./app.o   
Finished building target: Solar_Tracking_Project.elf
 
Invoking: AVR Create Extended Listing
avr-objdump -h -S Solar_Tracking_Project.elf  >"Solar_Tracking_Project.lss"
Finished building: Solar_Tracking_Project.lss
 
Invoking: Print Size
avr-size --format=avr --mcu=atmega32 Solar_Tracking_Project.elf
AVR Memory Usage
----------------
Device: atmega32

Program:    8668 bytes (26.5% Full)
(.text + .data + .bootloader)

Data:         26 bytes (1.3% Full)
(.data + .bss + .noinit)


Finished building: sizedummy
 
11:05:38 **** Incremental Build of configuration Debug for project Solar_Tracking_Project ****
make all 
Building file: ../app.c
Invoking: AVR Compiler
avr-gcc -Wall -g2 -gstabs -O0 -fpack-struct -fshort-enums -ffunction-sections -fdata-sections -std=gnu99 -funsigned-char -funsigned-bitfields -mmcu=atmega32 -DF_CPU=8000000UL -MMD -MP -MF"app.d" -MT"app.o" -c -o "app.o" "../app.c"
In file included from ../app.c:14:
c:/winavr-20100110/lib/gcc/../../avr/include/util/delay.h:90:3: warning: #warning "Compiler optimizations disabled; functions from <util/delay.h> won't work as designed"
Finished building: ../app.c
 
Building target: Solar_Tracking_Project.elf
Invoking: AVR C Linker
avr-gcc -Wl,-Map,Solar_Tracking_Project.map -mmcu=atmega32 -o "Solar_Tracking_Project.elf"  ./HLCD_program.o ./MADC_program.o ./MDIO_program.o ./MGIE_program.o ./MTIMER_program.o ./app.o   
Finished building target: Solar_Tracking_Project.elf
 
Invoking: AVR Create Extended Listing
avr-objdump -h -S Solar_Tracking_Project.elf  >"Solar_Tracking_Project.lss"
Finished building: Solar_Tracking_Project.lss
 
Invoking: Print Size
avr-size --format=avr --mcu=atmega32 Solar_Tracking_Project.elf
AVR Memory Usage
----------------
Device: atmega32

Program:    8890 bytes (27.1% Full)
(.text + .data + .bootloader)

Data:         22 bytes (1.1% Full)
(.data + .bss + .noinit)


Finished building: sizedummy
 
11:06:41 **** Incremental Build of configuration Debug for project Solar_Tracking_Project ****
make all 
Invoking: Print Size
avr-size --format=avr --mcu=atmega32 Solar_Tracking_Project.elf
AVR Memory Usage
----------------
Device: atmega32

Program:    8890 bytes (27.1% Full)
(.text + .data + .bootloader)

Data:         22 bytes (1.1% Full)
(.data + .bss + .noinit)


Finished building: sizedummy
 
11:07:36 **** Incremental Build of configuration Debug for project Solar_Tracking_Project ****
make all 
Building file: ../app.c
Invoking: AVR Compiler
avr-gcc -Wall -g2 -gstabs -O0 -fpack-struct -fshort-enums -ffunction-sections -fdata-sections -std=gnu99 -funsigned-char -funsigned-bitfields -mmcu=atmega32 -DF_CPU=8000000UL -MMD -MP -MF"app.d" -MT"app.o" -c -o "app.o" "../app.c"
In file included from ../app.c:14:
c:/winavr-20100110/lib/gcc/../../avr/include/util/delay.h:90:3: warning: #warning "Compiler optimizations disabled; functions from <util/delay.h> won't work as designed"
Finished building: ../app.c
 
Building target: Solar_Tracking_Project.elf
Invoking: AVR C Linker
avr-gcc -Wl,-Map,Solar_Tracking_Project.map -mmcu=atmega32 -o "Solar_Tracking_Project.elf"  ./HLCD_program.o ./MADC_program.o ./MDIO_program.o ./MGIE_program.o ./MTIMER_program.o ./app.o   
Finished building target: Solar_Tracking_Project.elf
 
Invoking: AVR Create Extended Listing
avr-objdump -h -S Solar_Tracking_Project.elf  >"Solar_Tracking_Project.lss"
Finished building: Solar_Tracking_Project.lss
 
Invoking: Print Size
avr-size --format=avr --mcu=atmega32 Solar_Tracking_Project.elf
AVR Memory Usage
----------------
Device: atmega32

Program:    8902 bytes (27.2% Full)
(.text + .data + .bootloader)

Data:         26 bytes (1.3% Full)
(.data + .bss + .noinit)


Finished building: sizedummy
 
11:12:39 **** Incremental Build of configuration Debug for project Solar_Tracking_Project ****
make all 
Building file: ../HLCD_program.c
Invoking: AVR Compiler
avr-gcc -Wall -g2 -gstabs -O0 -fpack-struct -fshort-enums -ffunction-sections -fdata-sections -std=gnu99 -funsigned-char -funsigned-bitfields -mmcu=atmega32 -DF_CPU=8000000UL -MMD -MP -MF"HLCD_program.d" -MT"HLCD_program.o" -c -o "HLCD_program.o" "../HLCD_program.c"
In file included from ../HLCD_program.c:14:
c:/winavr-20100110/lib/gcc/../../avr/include/util/delay.h:90:3: warning: #warning "Compiler optimizations disabled; functions from <util/delay.h> won't work as designed"
Finished building: ../HLCD_program.c
 
Building file: ../MADC_program.c
Invoking: AVR Compiler
avr-gcc -Wall -g2 -gstabs -O0 -fpack-struct -fshort-enums -ffunction-sections -fdata-sections -std=gnu99 -funsigned-char -funsigned-bitfields -mmcu=atmega32 -DF_CPU=8000000UL -MMD -MP -MF"MADC_program.d" -MT"MADC_program.o" -c -o "MADC_program.o" "../MADC_program.c"
Finished building: ../MADC_program.c
 
Building file: ../MDIO_program.c
Invoking: AVR Compiler
avr-gcc -Wall -g2 -gstabs -O0 -fpack-struct -fshort-enums -ffunction-sections -fdata-sections -std=gnu99 -funsigned-char -funsigned-bitfields -mmcu=atmega32 -DF_CPU=8000000UL -MMD -MP -MF"MDIO_program.d" -MT"MDIO_program.o" -c -o "MDIO_program.o" "../MDIO_program.c"
Finished building: ../MDIO_program.c
 
Building file: ../app.c
Invoking: AVR Compiler
avr-gcc -Wall -g2 -gstabs -O0 -fpack-struct -fshort-enums -ffunction-sections -fdata-sections -std=gnu99 -funsigned-char -funsigned-bitfields -mmcu=atmega32 -DF_CPU=8000000UL -MMD -MP -MF"app.d" -MT"app.o" -c -o "app.o" "../app.c"
In file included from ../app.c:14:
c:/winavr-20100110/lib/gcc/../../avr/include/util/delay.h:90:3: warning: #warning "Compiler optimizations disabled; functions from <util/delay.h> won't work as designed"
Finished building: ../app.c
 
Building target: Solar_Tracking_Project.elf
Invoking: AVR C Linker
avr-gcc -Wl,-Map,Solar_Tracking_Project.map -mmcu=atmega32 -o "Solar_Tracking_Project.elf"  ./HLCD_program.o ./MADC_program.o ./MDIO_program.o ./MGIE_program.o ./MTIMER_program.o ./app.o   
Finished building target: Solar_Tracking_Project.elf
 
Invoking: AVR Create Extended Listing
avr-objdump -h -S Solar_Tracking_Project.elf  >"Solar_Tracking_Project.lss"
Finished building: Solar_Tracking_Project.lss
 
Invoking: Print Size
avr-size --format=avr --mcu=atmega32 Solar_Tracking_Project.elf
AVR Memory Usage
----------------
Device: atmega32

Program:    8890 bytes (27.1% Full)
(.text + .data + .bootloader)

Data:         22 bytes (1.1% Full)
(.data + .bss + .noinit)


Finished building: sizedummy
 
11:14:06 **** Incremental Build of configuration Debug for project Solar_Tracking_Project ****
make all 
Building file: ../app.c
Invoking: AVR Compiler
avr-gcc -Wall -g2 -gstabs -O0 -fpack-struct -fshort-enums -ffunction-sections -fdata-sections -std=gnu99 -funsigned-char -funsigned-bitfields -mmcu=atmega32 -DF_CPU=8000000UL -MMD -MP -MF"app.d" -MT"app.o" -c -o "app.o" "../app.c"
In file included from ../app.c:14:
c:/winavr-20100110/lib/gcc/../../avr/include/util/delay.h:90:3: warning: #warning "Compiler optimizations disabled; functions from <util/delay.h> won't work as designed"
Finished building: ../app.c
 
Building target: Solar_Tracking_Project.elf
Invoking: AVR C Linker
avr-gcc -Wl,-Map,Solar_Tracking_Project.map -mmcu=atmega32 -o "Solar_Tracking_Project.elf"  ./HLCD_program.o ./MADC_program.o ./MDIO_program.o ./MGIE_program.o ./MTIMER_program.o ./app.o   
Finished building target: Solar_Tracking_Project.elf
 
Invoking: AVR Create Extended Listing
avr-objdump -h -S Solar_Tracking_Project.elf  >"Solar_Tracking_Project.lss"
Finished building: Solar_Tracking_Project.lss
 
Invoking: Print Size
avr-size --format=avr --mcu=atmega32 Solar_Tracking_Project.elf
AVR Memory Usage
----------------
Device: atmega32

Program:    8900 bytes (27.2% Full)
(.text + .data + .bootloader)

Data:         24 bytes (1.2% Full)
(.data + .bss + .noinit)


Finished building: sizedummy
 
11:14:14 **** Incremental Build of configuration Debug for project Solar_Tracking_Project ****
make all 
Building file: ../app.c
Invoking: AVR Compiler
avr-gcc -Wall -g2 -gstabs -O0 -fpack-struct -fshort-enums -ffunction-sections -fdata-sections -std=gnu99 -funsigned-char -funsigned-bitfields -mmcu=atmega32 -DF_CPU=8000000UL -MMD -MP -MF"app.d" -MT"app.o" -c -o "app.o" "../app.c"
In file included from ../app.c:14:
c:/winavr-20100110/lib/gcc/../../avr/include/util/delay.h:90:3: warning: #warning "Compiler optimizations disabled; functions from <util/delay.h> won't work as designed"
Finished building: ../app.c
 
Building target: Solar_Tracking_Project.elf
Invoking: AVR C Linker
avr-gcc -Wl,-Map,Solar_Tracking_Project.map -mmcu=atmega32 -o "Solar_Tracking_Project.elf"  ./HLCD_program.o ./MADC_program.o ./MDIO_program.o ./MGIE_program.o ./MTIMER_program.o ./app.o   
Finished building target: Solar_Tracking_Project.elf
 
Invoking: AVR Create Extended Listing
avr-objdump -h -S Solar_Tracking_Project.elf  >"Solar_Tracking_Project.lss"
Finished building: Solar_Tracking_Project.lss
 
Invoking: Print Size
avr-size --format=avr --mcu=atmega32 Solar_Tracking_Project.elf
AVR Memory Usage
----------------
Device: atmega32

Program:    8666 bytes (26.4% Full)
(.text + .data + .bootloader)

Data:         24 bytes (1.2% Full)
(.data + .bss + .noinit)


Finished building: sizedummy
 
11:14:22 **** Incremental Build of configuration Debug for project Solar_Tracking_Project ****
make all 
Building file: ../app.c
Invoking: AVR Compiler
avr-gcc -Wall -g2 -gstabs -O0 -fpack-struct -fshort-enums -ffunction-sections -fdata-sections -std=gnu99 -funsigned-char -funsigned-bitfields -mmcu=atmega32 -DF_CPU=8000000UL -MMD -MP -MF"app.d" -MT"app.o" -c -o "app.o" "../app.c"
Finished building: ../app.c
 
Building target: Solar_Tracking_Project.elf
Invoking: AVR C Linker
avr-gcc -Wl,-Map,Solar_Tracking_Project.map -mmcu=atmega32 -o "Solar_Tracking_Project.elf"  ./HLCD_program.o ./MADC_program.o ./MDIO_program.o ./MGIE_program.o ./MTIMER_program.o ./app.o   
Finished building target: Solar_Tracking_Project.elf
 
Invoking: AVR Create Extended Listing
avr-objdump -h -S Solar_Tracking_Project.elf  >"Solar_Tracking_Project.lss"
Finished building: Solar_Tracking_Project.lss
 
Invoking: Print Size
avr-size --format=avr --mcu=atmega32 Solar_Tracking_Project.elf
AVR Memory Usage
----------------
Device: atmega32

Program:    8666 bytes (26.4% Full)
(.text + .data + .bootloader)

Data:         24 bytes (1.2% Full)
(.data + .bss + .noinit)


Finished building: sizedummy
 
