11:14:22 **** Incremental Build of configuration Debug for project Solar_Tracking_Project ****
make all 
Building file: ../app.c
Invoking: AVR Compiler
avr-gcc -Wall -g2 -gstabs -O0 -fpack-struct -fshort-enums -ffunction-sections -fdata-sections -std=gnu99 -funsigned-char -funsigned-bitfields -mmcu=atmega32 -DF_CPU=8000000UL -MMD -MP -MF"app.d" -MT"app.o" -c -o "app.o" "../app.c"
Finished building: ../app.c
 
Building target: Solar_Tracking_Project.elf
Invoking: AVR C Linker
avr-gcc -Wl,-Map,Solar_Tracking_Project.map -mmcu=atmega32 -o "Solar_Tracking_Project.elf"  ./HLCD_program.o ./MADC_program.o ./MDIO_program.o ./MGIE_program.o ./MTIMER_program.o ./app.o   
Finished building target: Solar_Tracking_Project.elf
 
Invoking: AVR Create Extended Listing
avr-objdump -h -S Solar_Tracking_Project.elf  >"Solar_Tracking_Project.lss"
Finished building: Solar_Tracking_Project.lss
 
Invoking: Print Size
avr-size --format=avr --mcu=atmega32 Solar_Tracking_Project.elf
AVR Memory Usage
----------------
Device: atmega32

Program:    8666 bytes (26.4% Full)
(.text + .data + .bootloader)

Data:         24 bytes (1.2% Full)
(.data + .bss + .noinit)


Finished building: sizedummy
 

11:14:24 Build Finished (took 2s.294ms)

